<?xml version="1.0" encoding="windows-1252" standalone="no"?>
<!DOCTYPE log SYSTEM "logger.dtd">
<log>
<record>
  <date>2018-05-28T11:12:57.429233Z</date>
  <millis>1527505977429</millis>
  <nanos>233000</nanos>
  <sequence>5</sequence>
  <logger>ESPlorer.ESPlorer</logger>
  <level>INFO</level>
  <class>ESPlorer.ESPlorer</class>
  <method>log</method>
  <thread>17</thread>
  <message>Load saved settings: Firmware:NodeMCU</message>
</record>
<record>
  <date>2018-05-28T11:12:57.500744400Z</date>
  <millis>1527505977500</millis>
  <nanos>744400</nanos>
  <sequence>6</sequence>
  <logger>ESPlorer.ESPlorer</logger>
  <level>INFO</level>
  <class>ESPlorer.ESPlorer</class>
  <method>log</method>
  <thread>17</thread>
  <message>Snippets: loading...</message>
</record>
<record>
  <date>2018-05-28T11:12:57.520745400Z</date>
  <millis>1527505977520</millis>
  <nanos>745400</nanos>
  <sequence>7</sequence>
  <logger>ESPlorer.ESPlorer</logger>
  <level>INFO</level>
  <class>ESPlorer.ESPlorer</class>
  <method>log</method>
  <thread>17</thread>
  <message>Snippets load: Success.</message>
</record>
<record>
  <date>2018-05-28T11:12:57.620752400Z</date>
  <millis>1527505977620</millis>
  <nanos>752400</nanos>
  <sequence>8</sequence>
  <logger>ESPlorer.ESPlorer</logger>
  <level>INFO</level>
  <class>ESPlorer.ESPlorer</class>
  <method>log</method>
  <thread>17</thread>
  <message>Set new color theme: Success.</message>
</record>
<record>
  <date>2018-05-28T11:12:57.630754100Z</date>
  <millis>1527505977630</millis>
  <nanos>754100</nanos>
  <sequence>9</sequence>
  <logger>ESPlorer.ESPlorer</logger>
  <level>INFO</level>
  <class>ESPlorer.ESPlorer</class>
  <method>log</method>
  <thread>17</thread>
  <message>Load saved settings: DONE.</message>
</record>
<record>
  <date>2018-05-28T11:12:57.630754100Z</date>
  <millis>1527505977630</millis>
  <nanos>754100</nanos>
  <sequence>10</sequence>
  <logger>ESPlorer.ESPlorer</logger>
  <level>INFO</level>
  <class>ESPlorer.ESPlorer</class>
  <method>log</method>
  <thread>17</thread>
  <message>Snippets: loading...</message>
</record>
<record>
  <date>2018-05-28T11:12:57.640754Z</date>
  <millis>1527505977640</millis>
  <nanos>754000</nanos>
  <sequence>11</sequence>
  <logger>ESPlorer.ESPlorer</logger>
  <level>INFO</level>
  <class>ESPlorer.ESPlorer</class>
  <method>log</method>
  <thread>17</thread>
  <message>Snippets load: Success.</message>
</record>
<record>
  <date>2018-05-28T11:12:58.250796200Z</date>
  <millis>1527505978250</millis>
  <nanos>796200</nanos>
  <sequence>12</sequence>
  <logger>ESPlorer.ESPlorer</logger>
  <level>INFO</level>
  <class>ESPlorer.ESPlorer</class>
  <method>log</method>
  <thread>17</thread>
  <message>Scan system...</message>
</record>
<record>
  <date>2018-05-28T11:12:58.440809900Z</date>
  <millis>1527505978440</millis>
  <nanos>809900</nanos>
  <sequence>13</sequence>
  <logger>ESPlorer.ESPlorer</logger>
  <level>INFO</level>
  <class>ESPlorer.ESPlorer</class>
  <method>log</method>
  <thread>17</thread>
  <message>found last saved serial port COM3</message>
</record>
<record>
  <date>2018-05-28T11:12:58.450815800Z</date>
  <millis>1527505978450</millis>
  <nanos>815800</nanos>
  <sequence>14</sequence>
  <logger>ESPlorer.ESPlorer</logger>
  <level>INFO</level>
  <class>ESPlorer.ESPlorer</class>
  <method>log</method>
  <thread>17</thread>
  <message>Scan done.</message>
</record>
<record>
  <date>2018-05-28T11:13:07.410009100Z</date>
  <millis>1527505987410</millis>
  <nanos>9100</nanos>
  <sequence>15</sequence>
  <logger>ESPlorer.ESPlorer</logger>
  <level>INFO</level>
  <class>ESPlorer.ESPlorer</class>
  <method>log</method>
  <thread>17</thread>
  <message>Serial port COM3 save as default.</message>
</record>
<record>
  <date>2018-05-28T11:13:07.410009100Z</date>
  <millis>1527505987410</millis>
  <nanos>9100</nanos>
  <sequence>16</sequence>
  <logger>ESPlorer.ESPlorer</logger>
  <level>INFO</level>
  <class>ESPlorer.ESPlorer</class>
  <method>log</method>
  <thread>17</thread>
  <message>Baud rate 9600 save as default.</message>
</record>
<record>
  <date>2018-05-28T11:13:07.420009600Z</date>
  <millis>1527505987420</millis>
  <nanos>9600</nanos>
  <sequence>17</sequence>
  <logger>ESPlorer.ESPlorer</logger>
  <level>INFO</level>
  <class>ESPlorer.ESPlorer</class>
  <method>log</method>
  <thread>17</thread>
  <message>Try to open port COM3, baud 9600, 8N1</message>
</record>
